2010-12-23 09:37:30 checklockacct called
2010-12-23 09:37:30 configuration file for simone exists
2010-12-23 09:37:30 This day's simone.time file exists, adding time
2010-12-23 09:37:30 User: simone Day-Index: 4 Seconds-passed: 7200
2010-12-23 09:37:30 Finished checking all users, sleeping for 45 seconds
2010-12-23 09:38:07 checklockacct called
2010-12-23 09:38:07 configuration file for simone exists
2010-12-23 09:38:07 This day's simone.time file exists, adding time
2010-12-23 09:38:07 User: simone Day-Index: 4 Seconds-passed: 7245
2010-12-23 09:38:07 Finished checking all users, sleeping for 45 seconds
2010-12-23 09:38:51 checklockacct called
2010-12-23 09:38:51 configuration file for simone exists
2010-12-23 09:38:51 This day's simone.time file exists, adding time
2010-12-23 09:38:51 User: simone Day-Index: 4 Seconds-passed: 7290
2010-12-23 09:38:51 Finished checking all users, sleeping for 45 seconds
2010-12-23 09:39:36 checklockacct called
2010-12-23 09:39:36 configuration file for simone exists
2010-12-23 09:39:36 This day's simone.time file exists, adding time
2010-12-23 09:39:36 User: simone Day-Index: 4 Seconds-passed: 7335
2010-12-23 09:39:36 Finished checking all users, sleeping for 45 seconds
2010-12-23 09:40:21 checklockacct called
2010-12-23 09:40:21 configuration file for simone exists
2010-12-23 09:40:21 This day's simone.time file exists, adding time
2010-12-23 09:40:21 User: simone Day-Index: 4 Seconds-passed: 7380
2010-12-23 09:40:21 Finished checking all users, sleeping for 45 seconds
2010-12-23 09:41:06 checklockacct called
2010-12-23 09:41:06 configuration file for simone exists
2010-12-23 09:41:06 This day's simone.time file exists, adding time
2010-12-23 09:41:06 User: simone Day-Index: 4 Seconds-passed: 7425
2010-12-23 09:41:06 Finished checking all users, sleeping for 45 seconds
2010-12-23 09:41:51 checklockacct called
2010-12-23 09:41:51 configuration file for simone exists
2010-12-23 09:41:51 This day's simone.time file exists, adding time
2010-12-23 09:41:51 User: simone Day-Index: 4 Seconds-passed: 7470
2010-12-23 09:41:51 Finished checking all users, sleeping for 45 seconds
2010-12-23 09:42:36 checklockacct called
2010-12-23 09:42:36 configuration file for simone exists
2010-12-23 09:42:36 This day's simone.time file exists, adding time
2010-12-23 09:42:36 User: simone Day-Index: 4 Seconds-passed: 7515
2010-12-23 09:42:36 Finished checking all users, sleeping for 45 seconds
2010-12-23 09:43:21 checklockacct called
2010-12-23 09:43:21 configuration file for simone exists
2010-12-23 09:43:21 This day's simone.time file exists, adding time
2010-12-23 09:43:21 User: simone Day-Index: 4 Seconds-passed: 7560
2010-12-23 09:43:21 Finished checking all users, sleeping for 45 seconds
2010-12-23 09:44:06 checklockacct called
2010-12-23 09:44:06 configuration file for simone exists
2010-12-23 09:44:06 This day's simone.time file exists, adding time
2010-12-23 09:44:06 User: simone Day-Index: 4 Seconds-passed: 7605
2010-12-23 09:44:06 Finished checking all users, sleeping for 45 seconds
2010-12-23 09:44:51 checklockacct called
2010-12-23 09:44:51 configuration file for simone exists
2010-12-23 09:44:51 This day's simone.time file exists, adding time
2010-12-23 09:44:51 User: simone Day-Index: 4 Seconds-passed: 7650
2010-12-23 09:44:51 Finished checking all users, sleeping for 45 seconds
2010-12-23 09:45:37 checklockacct called
2010-12-23 09:45:37 configuration file for simone exists
2010-12-23 09:45:37 This day's simone.time file exists, adding time
2010-12-23 09:45:37 User: simone Day-Index: 4 Seconds-passed: 7695
2010-12-23 09:45:37 Finished checking all users, sleeping for 45 seconds
2010-12-23 09:46:22 checklockacct called
2010-12-23 09:46:22 configuration file for simone exists
2010-12-23 09:46:22 This day's simone.time file exists, adding time
2010-12-23 09:46:22 User: simone Day-Index: 4 Seconds-passed: 7740
2010-12-23 09:46:22 Finished checking all users, sleeping for 45 seconds
2010-12-23 09:47:07 checklockacct called
2010-12-23 09:47:07 configuration file for simone exists
2010-12-23 09:47:07 This day's simone.time file exists, adding time
2010-12-23 09:47:07 User: simone Day-Index: 4 Seconds-passed: 7785
2010-12-23 09:47:07 Finished checking all users, sleeping for 45 seconds
2010-12-23 09:47:52 checklockacct called
2010-12-23 09:47:52 configuration file for simone exists
2010-12-23 09:47:52 This day's simone.time file exists, adding time
2010-12-23 09:47:52 User: simone Day-Index: 4 Seconds-passed: 7830
2010-12-23 09:47:52 Finished checking all users, sleeping for 45 seconds
2010-12-23 09:48:37 checklockacct called
2010-12-23 09:48:37 configuration file for simone exists
2010-12-23 09:48:37 This day's simone.time file exists, adding time
2010-12-23 09:48:37 User: simone Day-Index: 4 Seconds-passed: 7875
2010-12-23 09:48:37 Finished checking all users, sleeping for 45 seconds
2010-12-23 09:49:22 checklockacct called
2010-12-23 09:49:22 configuration file for simone exists
2010-12-23 09:49:22 This day's simone.time file exists, adding time
2010-12-23 09:49:22 User: simone Day-Index: 4 Seconds-passed: 7920
2010-12-23 09:49:22 Finished checking all users, sleeping for 45 seconds
2010-12-23 09:50:07 checklockacct called
2010-12-23 09:50:07 configuration file for simone exists
2010-12-23 09:50:07 This day's simone.time file exists, adding time
2010-12-23 09:50:07 User: simone Day-Index: 4 Seconds-passed: 7965
2010-12-23 09:50:07 Finished checking all users, sleeping for 45 seconds
2010-12-23 09:50:52 checklockacct called
2010-12-23 09:50:52 configuration file for simone exists
2010-12-23 09:50:52 This day's simone.time file exists, adding time
2010-12-23 09:50:52 User: simone Day-Index: 4 Seconds-passed: 8010
2010-12-23 09:50:52 Finished checking all users, sleeping for 45 seconds
2010-12-23 09:51:37 checklockacct called
2010-12-23 09:51:37 configuration file for simone exists
2010-12-23 09:51:37 This day's simone.time file exists, adding time
2010-12-23 09:51:37 User: simone Day-Index: 4 Seconds-passed: 8055
2010-12-23 09:51:37 Finished checking all users, sleeping for 45 seconds
2010-12-23 09:52:31 checklockacct called
2010-12-23 09:52:31 configuration file for simone exists
2010-12-23 09:52:31 This day's simone.time file exists, adding time
2010-12-23 09:52:31 User: simone Day-Index: 4 Seconds-passed: 8100
2010-12-23 09:52:31 Finished checking all users, sleeping for 45 seconds
2010-12-23 09:53:16 checklockacct called
2010-12-23 09:53:16 configuration file for simone exists
2010-12-23 09:53:16 This day's simone.time file exists, adding time
2010-12-23 09:53:16 User: simone Day-Index: 4 Seconds-passed: 8145
2010-12-23 09:53:16 Finished checking all users, sleeping for 45 seconds
2010-12-23 09:54:01 checklockacct called
2010-12-23 09:54:01 configuration file for simone exists
2010-12-23 09:54:01 This day's simone.time file exists, adding time
2010-12-23 09:54:01 User: simone Day-Index: 4 Seconds-passed: 8190
2010-12-23 09:54:01 Finished checking all users, sleeping for 45 seconds
2010-12-23 09:54:46 checklockacct called
2010-12-23 09:54:46 configuration file for simone exists
2010-12-23 09:54:46 This day's simone.time file exists, adding time
2010-12-23 09:54:46 User: simone Day-Index: 4 Seconds-passed: 8235
2010-12-23 09:54:46 Finished checking all users, sleeping for 45 seconds
2010-12-23 09:55:31 checklockacct called
2010-12-23 09:55:31 configuration file for simone exists
2010-12-23 09:55:31 This day's simone.time file exists, adding time
2010-12-23 09:55:31 User: simone Day-Index: 4 Seconds-passed: 8280
2010-12-23 09:55:31 Finished checking all users, sleeping for 45 seconds
2010-12-23 09:56:16 checklockacct called
2010-12-23 09:56:16 configuration file for simone exists
2010-12-23 09:56:16 This day's simone.time file exists, adding time
2010-12-23 09:56:16 User: simone Day-Index: 4 Seconds-passed: 8325
2010-12-23 09:56:16 Finished checking all users, sleeping for 45 seconds
2010-12-23 09:57:02 checklockacct called
2010-12-23 09:57:02 configuration file for simone exists
2010-12-23 09:57:02 This day's simone.time file exists, adding time
2010-12-23 09:57:02 User: simone Day-Index: 4 Seconds-passed: 8370
2010-12-23 09:57:02 Finished checking all users, sleeping for 45 seconds
2010-12-23 09:57:47 checklockacct called
2010-12-23 09:57:47 configuration file for simone exists
2010-12-23 09:57:47 This day's simone.time file exists, adding time
2010-12-23 09:57:47 User: simone Day-Index: 4 Seconds-passed: 8415
2010-12-23 09:57:47 Finished checking all users, sleeping for 45 seconds
2010-12-23 09:58:32 checklockacct called
2010-12-23 09:58:32 configuration file for simone exists
2010-12-23 09:58:32 This day's simone.time file exists, adding time
2010-12-23 09:58:32 User: simone Day-Index: 4 Seconds-passed: 8460
2010-12-23 09:58:32 Finished checking all users, sleeping for 45 seconds
2010-12-23 09:59:17 checklockacct called
2010-12-23 09:59:17 configuration file for simone exists
2010-12-23 09:59:17 This day's simone.time file exists, adding time
2010-12-23 09:59:17 User: simone Day-Index: 4 Seconds-passed: 8505
2010-12-23 09:59:17 Finished checking all users, sleeping for 45 seconds
2010-12-23 10:00:02 checklockacct called
2010-12-23 10:00:02 configuration file for simone exists
2010-12-23 10:00:02 This day's simone.time file exists, adding time
2010-12-23 10:00:02 User: simone Day-Index: 4 Seconds-passed: 8550
2010-12-23 10:00:02 Finished checking all users, sleeping for 45 seconds
2010-12-23 10:00:47 checklockacct called
2010-12-23 10:00:47 configuration file for simone exists
2010-12-23 10:00:47 This day's simone.time file exists, adding time
2010-12-23 10:00:47 User: simone Day-Index: 4 Seconds-passed: 8595
2010-12-23 10:00:47 Finished checking all users, sleeping for 45 seconds
2010-12-23 10:01:32 checklockacct called
2010-12-23 10:01:32 configuration file for simone exists
2010-12-23 10:01:32 This day's simone.time file exists, adding time
2010-12-23 10:01:32 User: simone Day-Index: 4 Seconds-passed: 8640
2010-12-23 10:01:32 Finished checking all users, sleeping for 45 seconds
2010-12-23 10:02:17 checklockacct called
2010-12-23 10:02:17 configuration file for simone exists
2010-12-23 10:02:17 This day's simone.time file exists, adding time
2010-12-23 10:02:17 User: simone Day-Index: 4 Seconds-passed: 8685
2010-12-23 10:02:17 Finished checking all users, sleeping for 45 seconds
2010-12-23 10:03:02 checklockacct called
2010-12-23 10:03:02 configuration file for simone exists
2010-12-23 10:03:02 This day's simone.time file exists, adding time
2010-12-23 10:03:02 User: simone Day-Index: 4 Seconds-passed: 8730
2010-12-23 10:03:02 Finished checking all users, sleeping for 45 seconds
2010-12-23 10:03:47 checklockacct called
2010-12-23 10:03:47 configuration file for simone exists
2010-12-23 10:03:47 This day's simone.time file exists, adding time
2010-12-23 10:03:47 User: simone Day-Index: 4 Seconds-passed: 8775
2010-12-23 10:03:47 Finished checking all users, sleeping for 45 seconds
2010-12-23 10:04:32 checklockacct called
2010-12-23 10:04:32 configuration file for simone exists
2010-12-23 10:04:32 This day's simone.time file exists, adding time
2010-12-23 10:04:32 User: simone Day-Index: 4 Seconds-passed: 8820
2010-12-23 10:04:32 Finished checking all users, sleeping for 45 seconds
2010-12-23 10:05:17 checklockacct called
2010-12-23 10:05:17 configuration file for simone exists
2010-12-23 10:05:17 This day's simone.time file exists, adding time
2010-12-23 10:05:17 User: simone Day-Index: 4 Seconds-passed: 8865
2010-12-23 10:05:17 Finished checking all users, sleeping for 45 seconds
2010-12-23 10:06:03 checklockacct called
2010-12-23 10:06:03 configuration file for simone exists
2010-12-23 10:06:03 This day's simone.time file exists, adding time
2010-12-23 10:06:03 User: simone Day-Index: 4 Seconds-passed: 8910
2010-12-23 10:06:03 Finished checking all users, sleeping for 45 seconds
2010-12-23 10:06:48 checklockacct called
2010-12-23 10:06:48 configuration file for simone exists
2010-12-23 10:06:48 This day's simone.time file exists, adding time
2010-12-23 10:06:48 User: simone Day-Index: 4 Seconds-passed: 8955
2010-12-23 10:06:48 Finished checking all users, sleeping for 45 seconds
2010-12-23 10:07:33 checklockacct called
2010-12-23 10:07:33 configuration file for simone exists
2010-12-23 10:07:33 This day's simone.time file exists, adding time
2010-12-23 10:07:33 User: simone Day-Index: 4 Seconds-passed: 9000
2010-12-23 10:07:33 Finished checking all users, sleeping for 45 seconds
2010-12-23 10:08:18 checklockacct called
2010-12-23 10:08:18 configuration file for simone exists
2010-12-23 10:08:18 This day's simone.time file exists, adding time
2010-12-23 10:08:18 User: simone Day-Index: 4 Seconds-passed: 9045
2010-12-23 10:08:18 Finished checking all users, sleeping for 45 seconds
2010-12-23 10:09:03 checklockacct called
2010-12-23 10:09:03 configuration file for simone exists
2010-12-23 10:09:03 This day's simone.time file exists, adding time
2010-12-23 10:09:03 User: simone Day-Index: 4 Seconds-passed: 9090
2010-12-23 10:09:03 Finished checking all users, sleeping for 45 seconds
2010-12-23 10:09:48 checklockacct called
2010-12-23 10:09:48 configuration file for simone exists
2010-12-23 10:09:48 This day's simone.time file exists, adding time
2010-12-23 10:09:48 User: simone Day-Index: 4 Seconds-passed: 9135
2010-12-23 10:09:48 Finished checking all users, sleeping for 45 seconds
2010-12-23 10:10:33 checklockacct called
2010-12-23 10:10:33 configuration file for simone exists
2010-12-23 10:10:33 This day's simone.time file exists, adding time
2010-12-23 10:10:33 User: simone Day-Index: 4 Seconds-passed: 9180
2010-12-23 10:10:33 Finished checking all users, sleeping for 45 seconds
2010-12-23 10:11:18 checklockacct called
2010-12-23 10:11:18 configuration file for simone exists
2010-12-23 10:11:18 This day's simone.time file exists, adding time
2010-12-23 10:11:18 User: simone Day-Index: 4 Seconds-passed: 9225
2010-12-23 10:11:18 Finished checking all users, sleeping for 45 seconds
2010-12-23 10:12:03 checklockacct called
2010-12-23 10:12:03 configuration file for simone exists
2010-12-23 10:12:03 This day's simone.time file exists, adding time
2010-12-23 10:12:03 User: simone Day-Index: 4 Seconds-passed: 9270
2010-12-23 10:12:03 Finished checking all users, sleeping for 45 seconds
2010-12-23 10:12:48 checklockacct called
2010-12-23 10:12:48 configuration file for simone exists
2010-12-23 10:12:48 This day's simone.time file exists, adding time
2010-12-23 10:12:48 User: simone Day-Index: 4 Seconds-passed: 9315
2010-12-23 10:12:48 Finished checking all users, sleeping for 45 seconds
2010-12-23 10:13:33 checklockacct called
2010-12-23 10:13:33 configuration file for simone exists
2010-12-23 10:13:33 This day's simone.time file exists, adding time
2010-12-23 10:13:33 User: simone Day-Index: 4 Seconds-passed: 9360
2010-12-23 10:13:33 Finished checking all users, sleeping for 45 seconds
2010-12-23 10:14:18 checklockacct called
2010-12-23 10:14:18 configuration file for simone exists
2010-12-23 10:14:18 This day's simone.time file exists, adding time
2010-12-23 10:14:18 User: simone Day-Index: 4 Seconds-passed: 9405
2010-12-23 10:14:18 Finished checking all users, sleeping for 45 seconds
2010-12-23 10:15:03 checklockacct called
2010-12-23 10:15:03 configuration file for simone exists
2010-12-23 10:15:03 This day's simone.time file exists, adding time
2010-12-23 10:15:03 User: simone Day-Index: 4 Seconds-passed: 9450
2010-12-23 10:15:03 Finished checking all users, sleeping for 45 seconds
2010-12-23 10:15:48 checklockacct called
2010-12-23 10:15:48 configuration file for simone exists
2010-12-23 10:15:48 This day's simone.time file exists, adding time
2010-12-23 10:15:48 User: simone Day-Index: 4 Seconds-passed: 9495
2010-12-23 10:15:48 Finished checking all users, sleeping for 45 seconds
2010-12-23 10:16:33 checklockacct called
2010-12-23 10:16:33 configuration file for simone exists
2010-12-23 10:16:33 This day's simone.time file exists, adding time
2010-12-23 10:16:33 User: simone Day-Index: 4 Seconds-passed: 9540
2010-12-23 10:16:33 Finished checking all users, sleeping for 45 seconds
2010-12-23 10:17:18 checklockacct called
2010-12-23 10:17:18 configuration file for simone exists
2010-12-23 10:17:18 This day's simone.time file exists, adding time
2010-12-23 10:17:18 User: simone Day-Index: 4 Seconds-passed: 9585
2010-12-23 10:17:18 Finished checking all users, sleeping for 45 seconds
2010-12-23 10:18:03 checklockacct called
2010-12-23 10:18:03 configuration file for simone exists
2010-12-23 10:18:03 This day's simone.time file exists, adding time
2010-12-23 10:18:03 User: simone Day-Index: 4 Seconds-passed: 9630
2010-12-23 10:18:03 Finished checking all users, sleeping for 45 seconds
2010-12-23 10:18:48 checklockacct called
2010-12-23 10:18:48 configuration file for simone exists
2010-12-23 10:18:48 This day's simone.time file exists, adding time
2010-12-23 10:18:48 User: simone Day-Index: 4 Seconds-passed: 9675
2010-12-23 10:18:48 Finished checking all users, sleeping for 45 seconds
2010-12-23 10:19:33 checklockacct called
2010-12-23 10:19:33 configuration file for simone exists
2010-12-23 10:19:33 This day's simone.time file exists, adding time
2010-12-23 10:19:33 User: simone Day-Index: 4 Seconds-passed: 9720
2010-12-23 10:19:33 Finished checking all users, sleeping for 45 seconds
2010-12-23 10:20:18 checklockacct called
2010-12-23 10:20:18 configuration file for simone exists
2010-12-23 10:20:18 This day's simone.time file exists, adding time
2010-12-23 10:20:18 User: simone Day-Index: 4 Seconds-passed: 9765
2010-12-23 10:20:18 Finished checking all users, sleeping for 45 seconds
2010-12-23 10:21:03 checklockacct called
2010-12-23 10:21:03 configuration file for simone exists
2010-12-23 10:21:03 This day's simone.time file exists, adding time
2010-12-23 10:21:03 User: simone Day-Index: 4 Seconds-passed: 9810
2010-12-23 10:21:03 Finished checking all users, sleeping for 45 seconds
2010-12-23 10:21:48 checklockacct called
2010-12-23 10:21:48 configuration file for simone exists
2010-12-23 10:21:48 This day's simone.time file exists, adding time
2010-12-23 10:21:48 User: simone Day-Index: 4 Seconds-passed: 9855
2010-12-23 10:21:48 Finished checking all users, sleeping for 45 seconds
2010-12-23 10:22:33 checklockacct called
2010-12-23 10:22:33 configuration file for simone exists
2010-12-23 10:22:33 This day's simone.time file exists, adding time
2010-12-23 10:22:33 User: simone Day-Index: 4 Seconds-passed: 9900
2010-12-23 10:22:33 Finished checking all users, sleeping for 45 seconds
2010-12-23 10:23:19 checklockacct called
2010-12-23 10:23:19 configuration file for simone exists
2010-12-23 10:23:19 This day's simone.time file exists, adding time
2010-12-23 10:23:19 User: simone Day-Index: 4 Seconds-passed: 9945
2010-12-23 10:23:19 Finished checking all users, sleeping for 45 seconds
2010-12-23 10:24:04 checklockacct called
2010-12-23 10:24:04 configuration file for simone exists
2010-12-23 10:24:04 This day's simone.time file exists, adding time
2010-12-23 10:24:04 User: simone Day-Index: 4 Seconds-passed: 9990
2010-12-23 10:24:04 Finished checking all users, sleeping for 45 seconds
2010-12-23 10:24:49 checklockacct called
2010-12-23 10:24:49 configuration file for simone exists
2010-12-23 10:24:49 This day's simone.time file exists, adding time
2010-12-23 10:24:49 User: simone Day-Index: 4 Seconds-passed: 10035
2010-12-23 10:24:49 Finished checking all users, sleeping for 45 seconds
2010-12-23 10:25:34 checklockacct called
2010-12-23 10:25:34 configuration file for simone exists
2010-12-23 10:25:34 This day's simone.time file exists, adding time
2010-12-23 10:25:34 User: simone Day-Index: 4 Seconds-passed: 10080
2010-12-23 10:25:34 Finished checking all users, sleeping for 45 seconds
2010-12-23 10:26:19 checklockacct called
2010-12-23 10:26:19 configuration file for simone exists
2010-12-23 10:26:19 This day's simone.time file exists, adding time
2010-12-23 10:26:19 User: simone Day-Index: 4 Seconds-passed: 10125
2010-12-23 10:26:19 Finished checking all users, sleeping for 45 seconds
2010-12-23 10:27:04 checklockacct called
2010-12-23 10:27:04 configuration file for simone exists
2010-12-23 10:27:04 This day's simone.time file exists, adding time
2010-12-23 10:27:04 User: simone Day-Index: 4 Seconds-passed: 10170
2010-12-23 10:27:04 Finished checking all users, sleeping for 45 seconds
2010-12-23 10:27:49 checklockacct called
2010-12-23 10:27:49 configuration file for simone exists
2010-12-23 10:27:49 This day's simone.time file exists, adding time
2010-12-23 10:27:49 User: simone Day-Index: 4 Seconds-passed: 10215
2010-12-23 10:27:49 Finished checking all users, sleeping for 45 seconds
2010-12-23 10:28:34 checklockacct called
2010-12-23 10:28:34 configuration file for simone exists
2010-12-23 10:28:34 This day's simone.time file exists, adding time
2010-12-23 10:28:34 User: simone Day-Index: 4 Seconds-passed: 10260
2010-12-23 10:28:34 Finished checking all users, sleeping for 45 seconds
2010-12-23 10:29:19 checklockacct called
2010-12-23 10:29:19 configuration file for simone exists
2010-12-23 10:29:19 This day's simone.time file exists, adding time
2010-12-23 10:29:19 User: simone Day-Index: 4 Seconds-passed: 10305
2010-12-23 10:29:19 Finished checking all users, sleeping for 45 seconds
2010-12-23 10:30:04 checklockacct called
2010-12-23 10:30:04 configuration file for simone exists
2010-12-23 10:30:04 This day's simone.time file exists, adding time
2010-12-23 10:30:04 User: simone Day-Index: 4 Seconds-passed: 10350
2010-12-23 10:30:04 Finished checking all users, sleeping for 45 seconds
2010-12-23 10:30:49 checklockacct called
2010-12-23 10:30:49 configuration file for simone exists
2010-12-23 10:30:49 This day's simone.time file exists, adding time
2010-12-23 10:30:49 User: simone Day-Index: 4 Seconds-passed: 10395
2010-12-23 10:30:49 Finished checking all users, sleeping for 45 seconds
2010-12-23 10:31:34 checklockacct called
2010-12-23 10:31:34 configuration file for simone exists
2010-12-23 10:31:34 This day's simone.time file exists, adding time
2010-12-23 10:31:34 User: simone Day-Index: 4 Seconds-passed: 10440
2010-12-23 10:31:34 Finished checking all users, sleeping for 45 seconds
2010-12-23 10:32:19 checklockacct called
2010-12-23 10:32:19 configuration file for simone exists
2010-12-23 10:32:19 This day's simone.time file exists, adding time
2010-12-23 10:32:19 User: simone Day-Index: 4 Seconds-passed: 10485
2010-12-23 10:32:19 Finished checking all users, sleeping for 45 seconds
2010-12-23 10:33:04 checklockacct called
2010-12-23 10:33:04 configuration file for simone exists
2010-12-23 10:33:04 This day's simone.time file exists, adding time
2010-12-23 10:33:04 User: simone Day-Index: 4 Seconds-passed: 10530
2010-12-23 10:33:04 Finished checking all users, sleeping for 45 seconds
2010-12-23 10:33:49 checklockacct called
2010-12-23 10:33:49 configuration file for simone exists
2010-12-23 10:33:49 This day's simone.time file exists, adding time
2010-12-23 10:33:49 User: simone Day-Index: 4 Seconds-passed: 10575
2010-12-23 10:33:49 Finished checking all users, sleeping for 45 seconds
2010-12-23 10:34:34 checklockacct called
2010-12-23 10:34:34 configuration file for simone exists
2010-12-23 10:34:34 This day's simone.time file exists, adding time
2010-12-23 10:34:34 User: simone Day-Index: 4 Seconds-passed: 10620
2010-12-23 10:34:34 Finished checking all users, sleeping for 45 seconds
2010-12-23 10:35:19 checklockacct called
2010-12-23 10:35:19 configuration file for simone exists
2010-12-23 10:35:19 This day's simone.time file exists, adding time
2010-12-23 10:35:19 User: simone Day-Index: 4 Seconds-passed: 10665
2010-12-23 10:35:19 Finished checking all users, sleeping for 45 seconds
2010-12-23 10:36:04 checklockacct called
2010-12-23 10:36:04 configuration file for simone exists
2010-12-23 10:36:04 This day's simone.time file exists, adding time
2010-12-23 10:36:04 User: simone Day-Index: 4 Seconds-passed: 10710
2010-12-23 10:36:04 Finished checking all users, sleeping for 45 seconds
2010-12-23 11:19:39 checklockacct called
2010-12-23 11:19:39 configuration file for simone exists
2010-12-23 11:19:39 This day's simone.time file exists, adding time
2010-12-23 11:19:39 User: simone Day-Index: 4 Seconds-passed: 10755
2010-12-23 11:19:39 Finished checking all users, sleeping for 45 seconds
2010-12-23 11:20:24 checklockacct called
2010-12-23 11:20:24 configuration file for simone exists
2010-12-23 11:20:24 This day's simone.time file exists, adding time
2010-12-23 11:20:24 User: simone Day-Index: 4 Seconds-passed: 10800
2010-12-23 11:20:24 Finished checking all users, sleeping for 45 seconds
2010-12-23 11:21:09 checklockacct called
2010-12-23 11:21:09 configuration file for simone exists
2010-12-23 11:21:09 This day's simone.time file exists, adding time
2010-12-23 11:21:09 User: simone Day-Index: 4 Seconds-passed: 10845
2010-12-23 11:21:09 Finished checking all users, sleeping for 45 seconds
2010-12-23 11:21:54 checklockacct called
2010-12-23 11:21:54 configuration file for simone exists
2010-12-23 11:21:54 This day's simone.time file exists, adding time
2010-12-23 11:21:54 User: simone Day-Index: 4 Seconds-passed: 10890
2010-12-23 11:21:54 Finished checking all users, sleeping for 45 seconds
2010-12-23 11:22:39 checklockacct called
2010-12-23 11:22:39 configuration file for simone exists
2010-12-23 11:22:39 This day's simone.time file exists, adding time
2010-12-23 11:22:39 User: simone Day-Index: 4 Seconds-passed: 10935
2010-12-23 11:22:39 Finished checking all users, sleeping for 45 seconds
2010-12-23 11:23:24 checklockacct called
2010-12-23 11:23:24 configuration file for simone exists
2010-12-23 11:23:24 This day's simone.time file exists, adding time
2010-12-23 11:23:24 User: simone Day-Index: 4 Seconds-passed: 10980
2010-12-23 11:23:24 Finished checking all users, sleeping for 45 seconds
2010-12-23 11:24:09 checklockacct called
2010-12-23 11:24:09 configuration file for simone exists
2010-12-23 11:24:09 This day's simone.time file exists, adding time
2010-12-23 11:24:09 User: simone Day-Index: 4 Seconds-passed: 11025
2010-12-23 11:24:09 Finished checking all users, sleeping for 45 seconds
2010-12-23 11:24:54 checklockacct called
2010-12-23 11:24:54 configuration file for simone exists
2010-12-23 11:24:54 This day's simone.time file exists, adding time
2010-12-23 11:24:54 User: simone Day-Index: 4 Seconds-passed: 11070
2010-12-23 11:24:54 Finished checking all users, sleeping for 45 seconds
2010-12-23 11:25:39 checklockacct called
2010-12-23 11:25:39 configuration file for simone exists
2010-12-23 11:25:39 This day's simone.time file exists, adding time
2010-12-23 11:25:39 User: simone Day-Index: 4 Seconds-passed: 11115
2010-12-23 11:25:39 Finished checking all users, sleeping for 45 seconds
2010-12-23 11:26:24 checklockacct called
2010-12-23 11:26:24 configuration file for simone exists
2010-12-23 11:26:24 This day's simone.time file exists, adding time
2010-12-23 11:26:24 User: simone Day-Index: 4 Seconds-passed: 11160
2010-12-23 11:26:24 Finished checking all users, sleeping for 45 seconds
2010-12-23 11:27:09 checklockacct called
2010-12-23 11:27:10 configuration file for simone exists
2010-12-23 11:27:10 This day's simone.time file exists, adding time
2010-12-23 11:27:10 User: simone Day-Index: 4 Seconds-passed: 11205
2010-12-23 11:27:10 Finished checking all users, sleeping for 45 seconds
2010-12-23 11:27:55 checklockacct called
2010-12-23 11:27:55 configuration file for simone exists
2010-12-23 11:27:55 This day's simone.time file exists, adding time
2010-12-23 11:27:55 User: simone Day-Index: 4 Seconds-passed: 11250
2010-12-23 11:27:55 Finished checking all users, sleeping for 45 seconds
2010-12-23 11:28:40 checklockacct called
2010-12-23 11:28:40 configuration file for simone exists
2010-12-23 11:28:40 This day's simone.time file exists, adding time
2010-12-23 11:28:40 User: simone Day-Index: 4 Seconds-passed: 11295
2010-12-23 11:28:40 Finished checking all users, sleeping for 45 seconds
2010-12-23 11:29:25 checklockacct called
2010-12-23 11:29:25 configuration file for simone exists
2010-12-23 11:29:25 This day's simone.time file exists, adding time
2010-12-23 11:29:25 User: simone Day-Index: 4 Seconds-passed: 11340
2010-12-23 11:29:25 Finished checking all users, sleeping for 45 seconds
2010-12-23 11:30:10 checklockacct called
2010-12-23 11:30:10 configuration file for simone exists
2010-12-23 11:30:10 This day's simone.time file exists, adding time
2010-12-23 11:30:10 User: simone Day-Index: 4 Seconds-passed: 11385
2010-12-23 11:30:10 Finished checking all users, sleeping for 45 seconds
2010-12-23 11:30:55 checklockacct called
2010-12-23 11:30:55 configuration file for simone exists
2010-12-23 11:30:55 This day's simone.time file exists, adding time
2010-12-23 11:30:55 User: simone Day-Index: 4 Seconds-passed: 11430
2010-12-23 11:30:55 Finished checking all users, sleeping for 45 seconds
2010-12-23 11:31:40 checklockacct called
2010-12-23 11:31:40 configuration file for simone exists
2010-12-23 11:31:40 This day's simone.time file exists, adding time
2010-12-23 11:31:40 User: simone Day-Index: 4 Seconds-passed: 11475
2010-12-23 11:31:40 Finished checking all users, sleeping for 45 seconds
2010-12-23 11:32:25 checklockacct called
2010-12-23 11:32:25 configuration file for simone exists
2010-12-23 11:32:25 This day's simone.time file exists, adding time
2010-12-23 11:32:25 User: simone Day-Index: 4 Seconds-passed: 11520
2010-12-23 11:32:25 Finished checking all users, sleeping for 45 seconds
2010-12-23 11:33:10 checklockacct called
2010-12-23 11:33:10 configuration file for simone exists
2010-12-23 11:33:10 This day's simone.time file exists, adding time
2010-12-23 11:33:10 User: simone Day-Index: 4 Seconds-passed: 11565
2010-12-23 11:33:10 Finished checking all users, sleeping for 45 seconds
2010-12-23 11:33:55 checklockacct called
2010-12-23 11:33:55 configuration file for simone exists
2010-12-23 11:33:55 This day's simone.time file exists, adding time
2010-12-23 11:33:55 User: simone Day-Index: 4 Seconds-passed: 11610
2010-12-23 11:33:55 Finished checking all users, sleeping for 45 seconds
2010-12-23 11:34:40 checklockacct called
2010-12-23 11:34:40 configuration file for simone exists
2010-12-23 11:34:40 This day's simone.time file exists, adding time
2010-12-23 11:34:40 User: simone Day-Index: 4 Seconds-passed: 11655
2010-12-23 11:34:40 Finished checking all users, sleeping for 45 seconds
2010-12-23 11:35:25 checklockacct called
2010-12-23 11:35:25 configuration file for simone exists
2010-12-23 11:35:25 This day's simone.time file exists, adding time
2010-12-23 11:35:25 User: simone Day-Index: 4 Seconds-passed: 11700
2010-12-23 11:35:25 Finished checking all users, sleeping for 45 seconds
2010-12-23 11:36:10 checklockacct called
2010-12-23 11:36:10 configuration file for simone exists
2010-12-23 11:36:10 This day's simone.time file exists, adding time
2010-12-23 11:36:10 User: simone Day-Index: 4 Seconds-passed: 11745
2010-12-23 11:36:10 Finished checking all users, sleeping for 45 seconds
2010-12-23 11:36:55 checklockacct called
2010-12-23 11:36:55 configuration file for simone exists
2010-12-23 11:36:55 This day's simone.time file exists, adding time
2010-12-23 11:36:55 User: simone Day-Index: 4 Seconds-passed: 11790
2010-12-23 11:36:55 Finished checking all users, sleeping for 45 seconds
2010-12-23 11:37:40 checklockacct called
2010-12-23 11:37:40 configuration file for simone exists
2010-12-23 11:37:40 This day's simone.time file exists, adding time
2010-12-23 11:37:40 User: simone Day-Index: 4 Seconds-passed: 11835
2010-12-23 11:37:40 Finished checking all users, sleeping for 45 seconds
2010-12-23 11:38:25 checklockacct called
2010-12-23 11:38:25 configuration file for simone exists
2010-12-23 11:38:25 This day's simone.time file exists, adding time
2010-12-23 11:38:25 User: simone Day-Index: 4 Seconds-passed: 11880
2010-12-23 11:38:25 Finished checking all users, sleeping for 45 seconds
2010-12-23 11:39:10 checklockacct called
2010-12-23 11:39:11 configuration file for simone exists
2010-12-23 11:39:11 This day's simone.time file exists, adding time
2010-12-23 11:39:11 User: simone Day-Index: 4 Seconds-passed: 11925
2010-12-23 11:39:11 Finished checking all users, sleeping for 45 seconds
2010-12-23 11:39:56 checklockacct called
2010-12-23 11:39:56 configuration file for simone exists
2010-12-23 11:39:56 This day's simone.time file exists, adding time
2010-12-23 11:39:56 User: simone Day-Index: 4 Seconds-passed: 11970
2010-12-23 11:39:56 Finished checking all users, sleeping for 45 seconds
2010-12-23 11:40:41 checklockacct called
2010-12-23 11:40:41 configuration file for simone exists
2010-12-23 11:40:41 This day's simone.time file exists, adding time
2010-12-23 11:40:41 User: simone Day-Index: 4 Seconds-passed: 12015
2010-12-23 11:40:41 Finished checking all users, sleeping for 45 seconds
2010-12-23 11:41:26 checklockacct called
2010-12-23 11:41:26 configuration file for simone exists
2010-12-23 11:41:26 This day's simone.time file exists, adding time
2010-12-23 11:41:26 User: simone Day-Index: 4 Seconds-passed: 12060
2010-12-23 11:41:26 Finished checking all users, sleeping for 45 seconds
2010-12-23 11:42:11 checklockacct called
2010-12-23 11:42:11 configuration file for simone exists
2010-12-23 11:42:11 This day's simone.time file exists, adding time
2010-12-23 11:42:11 User: simone Day-Index: 4 Seconds-passed: 12105
2010-12-23 11:42:11 Finished checking all users, sleeping for 45 seconds
2010-12-23 11:42:56 checklockacct called
2010-12-23 11:42:56 configuration file for simone exists
2010-12-23 11:42:56 This day's simone.time file exists, adding time
2010-12-23 11:42:56 User: simone Day-Index: 4 Seconds-passed: 12150
2010-12-23 11:42:56 Finished checking all users, sleeping for 45 seconds
2010-12-23 11:43:41 checklockacct called
2010-12-23 11:43:41 configuration file for simone exists
2010-12-23 11:43:41 This day's simone.time file exists, adding time
2010-12-23 11:43:41 User: simone Day-Index: 4 Seconds-passed: 12195
2010-12-23 11:43:41 Finished checking all users, sleeping for 45 seconds
2010-12-23 11:44:26 checklockacct called
2010-12-23 11:44:26 configuration file for simone exists
2010-12-23 11:44:26 This day's simone.time file exists, adding time
2010-12-23 11:44:26 User: simone Day-Index: 4 Seconds-passed: 12240
2010-12-23 11:44:26 Finished checking all users, sleeping for 45 seconds
2010-12-23 11:45:11 checklockacct called
2010-12-23 11:45:11 configuration file for simone exists
2010-12-23 11:45:11 This day's simone.time file exists, adding time
2010-12-23 11:45:11 User: simone Day-Index: 4 Seconds-passed: 12285
2010-12-23 11:45:11 Finished checking all users, sleeping for 45 seconds
2010-12-23 11:45:56 checklockacct called
2010-12-23 11:45:56 configuration file for simone exists
2010-12-23 11:45:56 This day's simone.time file exists, adding time
2010-12-23 11:45:56 User: simone Day-Index: 4 Seconds-passed: 12330
2010-12-23 11:45:56 Finished checking all users, sleeping for 45 seconds
2010-12-23 11:46:41 checklockacct called
2010-12-23 11:46:41 configuration file for simone exists
2010-12-23 11:46:41 This day's simone.time file exists, adding time
2010-12-23 11:46:41 User: simone Day-Index: 4 Seconds-passed: 12375
2010-12-23 11:46:41 Finished checking all users, sleeping for 45 seconds
2010-12-23 11:47:26 checklockacct called
2010-12-23 11:47:26 configuration file for simone exists
2010-12-23 11:47:26 This day's simone.time file exists, adding time
2010-12-23 11:47:26 User: simone Day-Index: 4 Seconds-passed: 12420
2010-12-23 11:47:26 Finished checking all users, sleeping for 45 seconds
2010-12-23 11:48:11 checklockacct called
2010-12-23 11:48:11 configuration file for simone exists
2010-12-23 11:48:11 This day's simone.time file exists, adding time
2010-12-23 11:48:11 User: simone Day-Index: 4 Seconds-passed: 12465
2010-12-23 11:48:11 Finished checking all users, sleeping for 45 seconds
2010-12-23 11:48:56 checklockacct called
2010-12-23 11:48:56 configuration file for simone exists
2010-12-23 11:48:56 This day's simone.time file exists, adding time
2010-12-23 11:48:56 User: simone Day-Index: 4 Seconds-passed: 12510
2010-12-23 11:48:56 Finished checking all users, sleeping for 45 seconds
2010-12-23 11:49:41 checklockacct called
2010-12-23 11:49:41 configuration file for simone exists
2010-12-23 11:49:41 This day's simone.time file exists, adding time
2010-12-23 11:49:41 User: simone Day-Index: 4 Seconds-passed: 12555
2010-12-23 11:49:41 Finished checking all users, sleeping for 45 seconds
2010-12-23 11:50:26 checklockacct called
2010-12-23 11:50:26 configuration file for simone exists
2010-12-23 11:50:26 This day's simone.time file exists, adding time
2010-12-23 11:50:26 User: simone Day-Index: 4 Seconds-passed: 12600
2010-12-23 11:50:26 Finished checking all users, sleeping for 45 seconds
2010-12-23 11:51:11 checklockacct called
2010-12-23 11:51:11 configuration file for simone exists
2010-12-23 11:51:11 This day's simone.time file exists, adding time
2010-12-23 11:51:11 User: simone Day-Index: 4 Seconds-passed: 12645
2010-12-23 11:51:11 Finished checking all users, sleeping for 45 seconds
2010-12-23 11:51:56 checklockacct called
2010-12-23 11:51:56 configuration file for simone exists
2010-12-23 11:51:56 This day's simone.time file exists, adding time
2010-12-23 11:51:56 User: simone Day-Index: 4 Seconds-passed: 12690
2010-12-23 11:51:56 Finished checking all users, sleeping for 45 seconds
2010-12-23 11:52:41 checklockacct called
2010-12-23 11:52:41 configuration file for simone exists
2010-12-23 11:52:41 This day's simone.time file exists, adding time
2010-12-23 11:52:41 User: simone Day-Index: 4 Seconds-passed: 12735
2010-12-23 11:52:41 Finished checking all users, sleeping for 45 seconds
2010-12-23 11:53:27 checklockacct called
2010-12-23 11:53:27 configuration file for simone exists
2010-12-23 11:53:27 This day's simone.time file exists, adding time
2010-12-23 11:53:27 User: simone Day-Index: 4 Seconds-passed: 12780
2010-12-23 11:53:27 Finished checking all users, sleeping for 45 seconds
2010-12-23 11:54:12 checklockacct called
2010-12-23 11:54:12 configuration file for simone exists
2010-12-23 11:54:12 This day's simone.time file exists, adding time
2010-12-23 11:54:12 User: simone Day-Index: 4 Seconds-passed: 12825
2010-12-23 11:54:12 Finished checking all users, sleeping for 45 seconds
2010-12-23 11:54:57 checklockacct called
2010-12-23 11:54:57 configuration file for simone exists
2010-12-23 11:54:57 This day's simone.time file exists, adding time
2010-12-23 11:54:57 User: simone Day-Index: 4 Seconds-passed: 12870
2010-12-23 11:54:57 Finished checking all users, sleeping for 45 seconds
2010-12-23 11:55:42 checklockacct called
2010-12-23 11:55:42 configuration file for simone exists
2010-12-23 11:55:42 This day's simone.time file exists, adding time
2010-12-23 11:55:42 User: simone Day-Index: 4 Seconds-passed: 12915
2010-12-23 11:55:42 Finished checking all users, sleeping for 45 seconds
2010-12-23 11:56:27 checklockacct called
2010-12-23 11:56:27 configuration file for simone exists
2010-12-23 11:56:27 This day's simone.time file exists, adding time
2010-12-23 11:56:27 User: simone Day-Index: 4 Seconds-passed: 12960
2010-12-23 11:56:27 Finished checking all users, sleeping for 45 seconds
2010-12-23 11:57:12 checklockacct called
2010-12-23 11:57:12 configuration file for simone exists
2010-12-23 11:57:12 This day's simone.time file exists, adding time
2010-12-23 11:57:12 User: simone Day-Index: 4 Seconds-passed: 13005
2010-12-23 11:57:12 Finished checking all users, sleeping for 45 seconds
2010-12-23 11:57:57 checklockacct called
2010-12-23 11:57:57 configuration file for simone exists
2010-12-23 11:57:57 This day's simone.time file exists, adding time
2010-12-23 11:57:57 User: simone Day-Index: 4 Seconds-passed: 13050
2010-12-23 11:57:57 Finished checking all users, sleeping for 45 seconds
2010-12-23 11:58:42 checklockacct called
2010-12-23 11:58:42 configuration file for simone exists
2010-12-23 11:58:42 This day's simone.time file exists, adding time
2010-12-23 11:58:42 User: simone Day-Index: 4 Seconds-passed: 13095
2010-12-23 11:58:42 Finished checking all users, sleeping for 45 seconds
2010-12-23 11:59:27 checklockacct called
2010-12-23 11:59:27 configuration file for simone exists
2010-12-23 11:59:27 This day's simone.time file exists, adding time
2010-12-23 11:59:27 User: simone Day-Index: 4 Seconds-passed: 13140
2010-12-23 11:59:27 Finished checking all users, sleeping for 45 seconds
2010-12-23 12:00:12 checklockacct called
2010-12-23 12:00:12 configuration file for simone exists
2010-12-23 12:00:12 This day's simone.time file exists, adding time
2010-12-23 12:00:12 User: simone Day-Index: 4 Seconds-passed: 13185
2010-12-23 12:00:12 Finished checking all users, sleeping for 45 seconds
2010-12-23 12:00:57 checklockacct called
2010-12-23 12:00:57 configuration file for simone exists
2010-12-23 12:00:57 This day's simone.time file exists, adding time
2010-12-23 12:00:57 User: simone Day-Index: 4 Seconds-passed: 13230
2010-12-23 12:00:57 Finished checking all users, sleeping for 45 seconds
2010-12-23 12:01:42 checklockacct called
2010-12-23 12:01:42 configuration file for simone exists
2010-12-23 12:01:42 This day's simone.time file exists, adding time
2010-12-23 12:01:42 User: simone Day-Index: 4 Seconds-passed: 13275
2010-12-23 12:01:42 Finished checking all users, sleeping for 45 seconds
2010-12-23 12:02:27 checklockacct called
2010-12-23 12:02:27 configuration file for simone exists
2010-12-23 12:02:27 This day's simone.time file exists, adding time
2010-12-23 12:02:27 User: simone Day-Index: 4 Seconds-passed: 13320
2010-12-23 12:02:27 Finished checking all users, sleeping for 45 seconds
2010-12-23 12:03:12 checklockacct called
2010-12-23 12:03:12 configuration file for simone exists
2010-12-23 12:03:12 This day's simone.time file exists, adding time
2010-12-23 12:03:12 User: simone Day-Index: 4 Seconds-passed: 13365
2010-12-23 12:03:12 Finished checking all users, sleeping for 45 seconds
2010-12-23 12:03:57 checklockacct called
2010-12-23 12:03:57 configuration file for simone exists
2010-12-23 12:03:57 This day's simone.time file exists, adding time
2010-12-23 12:03:57 User: simone Day-Index: 4 Seconds-passed: 13410
2010-12-23 12:03:57 Finished checking all users, sleeping for 45 seconds
2010-12-23 12:04:42 checklockacct called
2010-12-23 12:04:42 configuration file for simone exists
2010-12-23 12:04:42 This day's simone.time file exists, adding time
2010-12-23 12:04:42 User: simone Day-Index: 4 Seconds-passed: 13455
2010-12-23 12:04:42 Finished checking all users, sleeping for 45 seconds
2010-12-23 12:05:27 checklockacct called
2010-12-23 12:05:27 configuration file for simone exists
2010-12-23 12:05:27 This day's simone.time file exists, adding time
2010-12-23 12:05:27 User: simone Day-Index: 4 Seconds-passed: 13500
2010-12-23 12:05:27 Finished checking all users, sleeping for 45 seconds
2010-12-23 12:06:12 checklockacct called
2010-12-23 12:06:12 configuration file for simone exists
2010-12-23 12:06:12 This day's simone.time file exists, adding time
2010-12-23 12:06:12 User: simone Day-Index: 4 Seconds-passed: 13545
2010-12-23 12:06:12 Finished checking all users, sleeping for 45 seconds
2010-12-23 12:06:57 checklockacct called
2010-12-23 12:06:57 configuration file for simone exists
2010-12-23 12:06:57 This day's simone.time file exists, adding time
2010-12-23 12:06:57 User: simone Day-Index: 4 Seconds-passed: 13590
2010-12-23 12:06:57 Finished checking all users, sleeping for 45 seconds
2010-12-23 12:07:42 checklockacct called
2010-12-23 12:07:42 configuration file for simone exists
2010-12-23 12:07:42 This day's simone.time file exists, adding time
2010-12-23 12:07:42 User: simone Day-Index: 4 Seconds-passed: 13635
2010-12-23 12:07:42 Finished checking all users, sleeping for 45 seconds
2010-12-23 12:08:27 checklockacct called
2010-12-23 12:08:27 configuration file for simone exists
2010-12-23 12:08:27 This day's simone.time file exists, adding time
2010-12-23 12:08:27 User: simone Day-Index: 4 Seconds-passed: 13680
2010-12-23 12:08:27 Finished checking all users, sleeping for 45 seconds
2010-12-23 12:09:12 checklockacct called
2010-12-23 12:09:12 configuration file for simone exists
2010-12-23 12:09:12 This day's simone.time file exists, adding time
2010-12-23 12:09:12 User: simone Day-Index: 4 Seconds-passed: 13725
2010-12-23 12:09:12 Finished checking all users, sleeping for 45 seconds
2010-12-23 12:09:57 checklockacct called
2010-12-23 12:09:58 configuration file for simone exists
2010-12-23 12:09:58 This day's simone.time file exists, adding time
2010-12-23 12:09:58 User: simone Day-Index: 4 Seconds-passed: 13770
2010-12-23 12:09:58 Finished checking all users, sleeping for 45 seconds
2010-12-23 12:10:43 checklockacct called
2010-12-23 12:10:43 configuration file for simone exists
2010-12-23 12:10:43 This day's simone.time file exists, adding time
2010-12-23 12:10:43 User: simone Day-Index: 4 Seconds-passed: 13815
2010-12-23 12:10:43 Finished checking all users, sleeping for 45 seconds
2010-12-23 12:11:28 checklockacct called
2010-12-23 12:11:28 configuration file for simone exists
2010-12-23 12:11:28 This day's simone.time file exists, adding time
2010-12-23 12:11:28 User: simone Day-Index: 4 Seconds-passed: 13860
2010-12-23 12:11:28 Finished checking all users, sleeping for 45 seconds
2010-12-23 12:12:13 checklockacct called
2010-12-23 12:12:13 configuration file for simone exists
2010-12-23 12:12:13 This day's simone.time file exists, adding time
2010-12-23 12:12:13 User: simone Day-Index: 4 Seconds-passed: 13905
2010-12-23 12:12:13 Finished checking all users, sleeping for 45 seconds
2010-12-23 12:12:58 checklockacct called
2010-12-23 12:12:58 configuration file for simone exists
2010-12-23 12:12:58 This day's simone.time file exists, adding time
2010-12-23 12:12:58 User: simone Day-Index: 4 Seconds-passed: 13950
2010-12-23 12:12:58 Finished checking all users, sleeping for 45 seconds
2010-12-23 12:13:43 checklockacct called
2010-12-23 12:13:43 configuration file for simone exists
2010-12-23 12:13:43 This day's simone.time file exists, adding time
2010-12-23 12:13:43 User: simone Day-Index: 4 Seconds-passed: 13995
2010-12-23 12:13:43 Finished checking all users, sleeping for 45 seconds
2010-12-23 12:14:28 checklockacct called
2010-12-23 12:14:28 configuration file for simone exists
2010-12-23 12:14:28 This day's simone.time file exists, adding time
2010-12-23 12:14:28 User: simone Day-Index: 4 Seconds-passed: 14040
2010-12-23 12:14:28 configuration file for root exists
2010-12-23 12:14:28 User: root Day-Index: 4 Seconds-passed: 45
2010-12-23 12:14:28 Finished checking all users, sleeping for 45 seconds
2010-12-23 12:15:13 checklockacct called
2010-12-23 12:15:13 configuration file for simone exists
2010-12-23 12:15:13 This day's simone.time file exists, adding time
2010-12-23 12:15:13 User: simone Day-Index: 4 Seconds-passed: 14085
2010-12-23 12:15:13 configuration file for root exists
2010-12-23 12:15:13 This day's root.time file exists, adding time
2010-12-23 12:15:13 User: root Day-Index: 4 Seconds-passed: 90
2010-12-23 12:15:13 Finished checking all users, sleeping for 45 seconds
2010-12-23 12:15:58 checklockacct called
2010-12-23 12:15:58 configuration file for simone exists
2010-12-23 12:15:58 This day's simone.time file exists, adding time
2010-12-23 12:15:58 User: simone Day-Index: 4 Seconds-passed: 14130
2010-12-23 12:15:58 configuration file for root exists
2010-12-23 12:15:58 This day's root.time file exists, adding time
2010-12-23 12:15:58 User: root Day-Index: 4 Seconds-passed: 135
2010-12-23 12:15:58 Finished checking all users, sleeping for 45 seconds
2010-12-23 12:16:43 checklockacct called
2010-12-23 12:16:43 configuration file for simone exists
2010-12-23 12:16:43 This day's simone.time file exists, adding time
2010-12-23 12:16:43 User: simone Day-Index: 4 Seconds-passed: 14175
2010-12-23 12:16:43 configuration file for root exists
2010-12-23 12:16:43 This day's root.time file exists, adding time
2010-12-23 12:16:43 User: root Day-Index: 4 Seconds-passed: 180
2010-12-23 12:16:43 Finished checking all users, sleeping for 45 seconds
2010-12-23 12:17:28 checklockacct called
2010-12-23 12:17:28 configuration file for simone exists
2010-12-23 12:17:28 This day's simone.time file exists, adding time
2010-12-23 12:17:28 User: simone Day-Index: 4 Seconds-passed: 14220
2010-12-23 12:17:28 Finished checking all users, sleeping for 45 seconds
2010-12-23 12:18:13 checklockacct called
2010-12-23 12:18:13 configuration file for simone exists
2010-12-23 12:18:13 This day's simone.time file exists, adding time
2010-12-23 12:18:13 User: simone Day-Index: 4 Seconds-passed: 14265
2010-12-23 12:18:13 Finished checking all users, sleeping for 45 seconds
2010-12-23 12:18:58 checklockacct called
2010-12-23 12:18:58 configuration file for simone exists
2010-12-23 12:18:58 This day's simone.time file exists, adding time
2010-12-23 12:18:58 User: simone Day-Index: 4 Seconds-passed: 14310
2010-12-23 12:18:58 Finished checking all users, sleeping for 45 seconds
2010-12-23 12:19:43 checklockacct called
2010-12-23 12:19:44 configuration file for simone exists
2010-12-23 12:19:44 This day's simone.time file exists, adding time
2010-12-23 12:19:44 User: simone Day-Index: 4 Seconds-passed: 14355
2010-12-23 12:19:44 Finished checking all users, sleeping for 45 seconds
2010-12-23 12:20:29 checklockacct called
2010-12-23 12:20:29 configuration file for simone exists
2010-12-23 12:20:29 This day's simone.time file exists, adding time
2010-12-23 12:20:29 User: simone Day-Index: 4 Seconds-passed: 14400
2010-12-23 12:20:29 Finished checking all users, sleeping for 45 seconds
2010-12-23 12:21:14 checklockacct called
2010-12-23 12:21:14 configuration file for simone exists
2010-12-23 12:21:14 This day's simone.time file exists, adding time
2010-12-23 12:21:14 User: simone Day-Index: 4 Seconds-passed: 14445
2010-12-23 12:21:14 Finished checking all users, sleeping for 45 seconds
2010-12-23 12:21:59 checklockacct called
2010-12-23 12:21:59 configuration file for simone exists
2010-12-23 12:21:59 This day's simone.time file exists, adding time
2010-12-23 12:21:59 User: simone Day-Index: 4 Seconds-passed: 14490
2010-12-23 12:21:59 Finished checking all users, sleeping for 45 seconds
2010-12-23 12:22:44 checklockacct called
2010-12-23 12:22:44 configuration file for simone exists
2010-12-23 12:22:44 This day's simone.time file exists, adding time
2010-12-23 12:22:44 User: simone Day-Index: 4 Seconds-passed: 14535
2010-12-23 12:22:44 Finished checking all users, sleeping for 45 seconds
2010-12-23 12:23:29 checklockacct called
2010-12-23 12:23:29 configuration file for simone exists
2010-12-23 12:23:29 This day's simone.time file exists, adding time
2010-12-23 12:23:29 User: simone Day-Index: 4 Seconds-passed: 14580
2010-12-23 12:23:29 Finished checking all users, sleeping for 45 seconds
